<?xml version="1.0" encoding="UTF-8"?>
<testng-results skipped="0" failed="0" ignored="1" total="2" passed="1">
  <reporter-output>
  </reporter-output>
  <suite name="Default suite" duration-ms="2739" started-at="2021-04-30T12:41:19 IST" finished-at="2021-04-30T12:41:22 IST">
    <groups>
    </groups>
    <test name="Default test" duration-ms="2739" started-at="2021-04-30T12:41:19 IST" finished-at="2021-04-30T12:41:22 IST">
      <class name="samplerestapi.DynamicJson">
        <test-method status="PASS" signature="Deletebook()[pri:0, instance:samplerestapi.DynamicJson@1e965684]" name="Deletebook" duration-ms="2701" started-at="2021-04-30T12:41:19 IST" finished-at="2021-04-30T12:41:22 IST">
          <reporter-output>
          </reporter-output>
        </test-method> <!-- Deletebook -->
      </class> <!-- samplerestapi.DynamicJson -->
    </test> <!-- Default test -->
  </suite> <!-- Default suite -->
</testng-results>
